<?xml version="1.0" encoding="UTF-8"?>
<testsuite xmlns:xsi="http://www.w3.org/2001/XMLSchema-instance" xsi:noNamespaceSchemaLocation="https://maven.apache.org/surefire/maven-surefire-plugin/xsd/surefire-test-report.xsd" name="batis.com.test.CalculatorTest" time="0.385" tests="13" errors="0" skipped="0" failures="0">
  <properties>
[...]
</properties>
  <testcase name="digitsSet_shouldReturnsTheSetOfDigits_ofPositiveInteger" classname="batis.com.test.CalculatorTest" time="0.11"/>
  <testcase name="testAddTwoPositiveNumbers" classname="batis.com.test.CalculatorTest" time="0.071"/>
  <testcase name="testMultiplyNumbers" classname="batis.com.test.CalculatorTest" time="0.001"/>
  <testcase name="testAddDoubleNumbers" classname="batis.com.test.CalculatorTest" time="0.005"/>
  <testcase name="parameterizedTest{int}[1]" classname="batis.com.test.CalculatorTest" time="0.04"/>
  <testcase name="parameterizedTest{int}[2]" classname="batis.com.test.CalculatorTest" time="0.002"/>
  <testcase name="parameterizedTest{int}[3]" classname="batis.com.test.CalculatorTest" time="0.001"/>
  <testcase name="parameterizedTest{int}[4]" classname="batis.com.test.CalculatorTest" time="0.001"/>
  <testcase name="parameterizedTest{int}[5]" classname="batis.com.test.CalculatorTest" time="0.002"/>
  <testcase name="parameterizedTest{int}[6]" classname="batis.com.test.CalculatorTest" time="0.001"/>
  <testcase name="parameterizedAddTest{int, int, int}[1]" classname="batis.com.test.CalculatorTest" time="0.001"/>
  <testcase name="parameterizedAddTest{int, int, int}[2]" classname="batis.com.test.CalculatorTest" time="0.001"/>
  <testcase name="parameterizedAddTest{int, int, int}[3]" classname="batis.com.test.CalculatorTest" time="0.001"/>
</testsuite>